-- The C compiler identification is GNU 11.4.0
-- The CXX compiler identification is GNU 11.4.0
-- Detecting C compiler ABI info
-- Detecting C compiler ABI info - done
-- Check for working C compiler: /usr/bin/cc - skipped
-- Detecting C compile features
-- Detecting C compile features - done
-- Detecting CXX compiler ABI info
-- Detecting CXX compiler ABI info - done
-- Check for working CXX compiler: /usr/bin/c++ - skipped
-- Detecting CXX compile features
-- Detecting CXX compile features - done
-- Found ament_cmake: 1.3.11 (/opt/ros/humble/share/ament_cmake/cmake)
-- Found Python3: /usr/bin/python3 (found version "3.10.12") found components: Interpreter 
-- Found apriltag_msgs: 0.0.0 (/home/12_fri/bwi_ros2/install/apriltag_msgs/share/apriltag_msgs/cmake)
-- Found rosidl_generator_c: 3.1.5 (/opt/ros/humble/share/rosidl_generator_c/cmake)
-- Found rosidl_adapter: 3.1.5 (/opt/ros/humble/share/rosidl_adapter/cmake)
-- Found rosidl_generator_cpp: 3.1.5 (/opt/ros/humble/share/rosidl_generator_cpp/cmake)
-- Using all available rosidl_typesupport_c: rosidl_typesupport_fastrtps_c;rosidl_typesupport_introspection_c
-- Using all available rosidl_typesupport_cpp: rosidl_typesupport_fastrtps_cpp;rosidl_typesupport_introspection_cpp
-- Found cv_bridge: 3.2.1 (/opt/ros/humble/share/cv_bridge/cmake)
-- Found nav2_msgs: 1.1.17 (/opt/ros/humble/share/nav2_msgs/cmake)
-- Found rclcpp: 16.0.9 (/opt/ros/humble/share/rclcpp/cmake)
-- Found rmw_implementation_cmake: 6.1.2 (/opt/ros/humble/share/rmw_implementation_cmake/cmake)
-- Found rmw_fastrtps_cpp: 6.2.6 (/opt/ros/humble/share/rmw_fastrtps_cpp/cmake)
-- Found OpenSSL: /usr/lib/x86_64-linux-gnu/libcrypto.so (found version "3.0.2")  
-- Found FastRTPS: /opt/ros/humble/include  
-- Using RMW implementation 'rmw_fastrtps_cpp' as default
-- Looking for pthread.h
-- Looking for pthread.h - found
-- Performing Test CMAKE_HAVE_LIBC_PTHREAD
-- Performing Test CMAKE_HAVE_LIBC_PTHREAD - Success
-- Found Threads: TRUE  
-- Found spatial_utils: 0.0.0 (/home/12_fri/bwi_ros2/install/spatial_utils/share/spatial_utils/cmake)
-- Found tf2_ros: 0.25.6 (/opt/ros/humble/share/tf2_ros/cmake)
-- Found OpenCV: /usr (found version "4.5.4") 
-- Found ament_lint_auto: 0.12.11 (/opt/ros/humble/share/ament_lint_auto/cmake)
-- Added test 'cppcheck' to perform static code analysis on C / C++ code
-- Configured cppcheck include dirs: /home/12_fri/bwi_ros2/src/fri_autonomous_template/follower_robot/include
-- Configured cppcheck exclude dirs and/or files: 
-- Added test 'lint_cmake' to check CMake code style
-- Added test 'uncrustify' to check C / C++ code style
-- Configured uncrustify additional arguments: 
-- Added test 'xmllint' to check XML markup files
-- Configuring done
-- Generating done
-- Build files have been written to: /home/12_fri/bwi_ros2/src/fri_autonomous_template/follower_robot/build/follower_robot
[ 50%] [32mBuilding CXX object CMakeFiles/follower_robot.dir/src/MoveToTarget.cpp.o[0m
[ 50%] [32mBuilding CXX object CMakeFiles/follower_robot.dir/src/follower_robot.cpp.o[0m
[ 75%] [32mBuilding CXX object CMakeFiles/follower_robot.dir/src/FollowerRobotNode.cpp.o[0m
[01m[K/home/12_fri/bwi_ros2/src/fri_autonomous_template/follower_robot/src/MoveToTarget.cpp:[m[K In member function ‘[01m[Kvoid MoveToTarget::result_callback(const rclcpp_action::ClientGoalHandle<nav2_msgs::action::NavigateToPose>::WrappedResult&)[m[K’:
[01m[K/home/12_fri/bwi_ros2/src/fri_autonomous_template/follower_robot/src/MoveToTarget.cpp:40:94:[m[K [01;35m[Kwarning: [m[Kunused parameter ‘[01m[Kresult[m[K’ [[01;35m[K]8;;https://gcc.gnu.org/onlinedocs/gcc/Warning-Options.html#index-Wunused-parameter-Wunused-parameter]8;;[m[K]
   40 |     [01;35m[Kconst rclcpp_action::ClientGoalHandle<nav2_msgs::action::NavigateToPose>::WrappedResult &result[m[K) {
      |     [01;35m[K~~~~~~~~~~~~~~~~~~~~~~~~~~~~~~~~~~~~~~~~~~~~~~~~~~~~~~~~~~~~~~~~~~~~~~~~~~~~~~~~~~~~~~~~~^~~~~~[m[K
[100%] [32m[1mLinking CXX executable follower_robot[0m
[100%] Built target follower_robot
-- Install configuration: ""
-- Installing: /home/12_fri/bwi_ros2/src/fri_autonomous_template/follower_robot/install/follower_robot/lib/follower_robot/follower_robot
-- Set runtime path of "/home/12_fri/bwi_ros2/src/fri_autonomous_template/follower_robot/install/follower_robot/lib/follower_robot/follower_robot" to ""
-- Installing: /home/12_fri/bwi_ros2/src/fri_autonomous_template/follower_robot/install/follower_robot/share/ament_index/resource_index/package_run_dependencies/follower_robot
-- Installing: /home/12_fri/bwi_ros2/src/fri_autonomous_template/follower_robot/install/follower_robot/share/ament_index/resource_index/parent_prefix_path/follower_robot
-- Installing: /home/12_fri/bwi_ros2/src/fri_autonomous_template/follower_robot/install/follower_robot/share/follower_robot/environment/ament_prefix_path.sh
-- Installing: /home/12_fri/bwi_ros2/src/fri_autonomous_template/follower_robot/install/follower_robot/share/follower_robot/environment/ament_prefix_path.dsv
-- Installing: /home/12_fri/bwi_ros2/src/fri_autonomous_template/follower_robot/install/follower_robot/share/follower_robot/environment/path.sh
-- Installing: /home/12_fri/bwi_ros2/src/fri_autonomous_template/follower_robot/install/follower_robot/share/follower_robot/environment/path.dsv
-- Installing: /home/12_fri/bwi_ros2/src/fri_autonomous_template/follower_robot/install/follower_robot/share/follower_robot/local_setup.bash
-- Installing: /home/12_fri/bwi_ros2/src/fri_autonomous_template/follower_robot/install/follower_robot/share/follower_robot/local_setup.sh
-- Installing: /home/12_fri/bwi_ros2/src/fri_autonomous_template/follower_robot/install/follower_robot/share/follower_robot/local_setup.zsh
-- Installing: /home/12_fri/bwi_ros2/src/fri_autonomous_template/follower_robot/install/follower_robot/share/follower_robot/local_setup.dsv
-- Installing: /home/12_fri/bwi_ros2/src/fri_autonomous_template/follower_robot/install/follower_robot/share/follower_robot/package.dsv
-- Installing: /home/12_fri/bwi_ros2/src/fri_autonomous_template/follower_robot/install/follower_robot/share/ament_index/resource_index/packages/follower_robot
-- Installing: /home/12_fri/bwi_ros2/src/fri_autonomous_template/follower_robot/install/follower_robot/share/follower_robot/cmake/follower_robotConfig.cmake
-- Installing: /home/12_fri/bwi_ros2/src/fri_autonomous_template/follower_robot/install/follower_robot/share/follower_robot/cmake/follower_robotConfig-version.cmake
-- Installing: /home/12_fri/bwi_ros2/src/fri_autonomous_template/follower_robot/install/follower_robot/share/follower_robot/package.xml
