[0.012s] Invoking command in '/home/12_fri/bwi_ros2/src/fri_autonomous_template/follower_robot/build/follower_robot': CMAKE_PREFIX_PATH=${CMAKE_PREFIX_PATH}:/home/12_fri/bwi_ros2/install/scan_filter:/opt/ros/humble /usr/bin/cmake /home/12_fri/bwi_ros2/src/fri_autonomous_template/follower_robot -DCMAKE_INSTALL_PREFIX=/home/12_fri/bwi_ros2/src/fri_autonomous_template/follower_robot/install/follower_robot
[0.067s] -- The C compiler identification is GNU 11.4.0
[0.112s] -- The CXX compiler identification is GNU 11.4.0
[0.119s] -- Detecting C compiler ABI info
[0.178s] -- Detecting C compiler ABI info - done
[0.185s] -- Check for working C compiler: /usr/bin/cc - skipped
[0.185s] -- Detecting C compile features
[0.185s] -- Detecting C compile features - done
[0.188s] -- Detecting CXX compiler ABI info
[0.266s] -- Detecting CXX compiler ABI info - done
[0.272s] -- Check for working CXX compiler: /usr/bin/c++ - skipped
[0.273s] -- Detecting CXX compile features
[0.273s] -- Detecting CXX compile features - done
[0.277s] -- Found ament_cmake: 1.3.11 (/opt/ros/humble/share/ament_cmake/cmake)
[0.444s] -- Found Python3: /usr/bin/python3 (found version "3.10.12") found components: Interpreter 
[0.557s] -- Found apriltag_msgs: 0.0.0 (/home/12_fri/bwi_ros2/install/apriltag_msgs/share/apriltag_msgs/cmake)
[0.604s] -- Found rosidl_generator_c: 3.1.5 (/opt/ros/humble/share/rosidl_generator_c/cmake)
[0.612s] -- Found rosidl_adapter: 3.1.5 (/opt/ros/humble/share/rosidl_adapter/cmake)
[0.623s] -- Found rosidl_generator_cpp: 3.1.5 (/opt/ros/humble/share/rosidl_generator_cpp/cmake)
[0.639s] -- Using all available rosidl_typesupport_c: rosidl_typesupport_fastrtps_c;rosidl_typesupport_introspection_c
[0.660s] -- Using all available rosidl_typesupport_cpp: rosidl_typesupport_fastrtps_cpp;rosidl_typesupport_introspection_cpp
[0.865s] -- Found cv_bridge: 3.2.1 (/opt/ros/humble/share/cv_bridge/cmake)
[0.974s] -- Found nav2_msgs: 1.1.17 (/opt/ros/humble/share/nav2_msgs/cmake)
[1.298s] -- Found rclcpp: 16.0.9 (/opt/ros/humble/share/rclcpp/cmake)
[1.369s] -- Found rmw_implementation_cmake: 6.1.2 (/opt/ros/humble/share/rmw_implementation_cmake/cmake)
[1.374s] -- Found rmw_fastrtps_cpp: 6.2.6 (/opt/ros/humble/share/rmw_fastrtps_cpp/cmake)
[1.479s] -- Found OpenSSL: /usr/lib/x86_64-linux-gnu/libcrypto.so (found version "3.0.2")  
[1.507s] -- Found FastRTPS: /opt/ros/humble/include  
[1.550s] -- Using RMW implementation 'rmw_fastrtps_cpp' as default
[1.562s] -- Looking for pthread.h
[1.632s] -- Looking for pthread.h - found
[1.632s] -- Performing Test CMAKE_HAVE_LIBC_PTHREAD
[1.696s] -- Performing Test CMAKE_HAVE_LIBC_PTHREAD - Success
[1.697s] -- Found Threads: TRUE  
[1.825s] -- Found spatial_utils: 0.0.0 (/home/12_fri/bwi_ros2/install/spatial_utils/share/spatial_utils/cmake)
[1.830s] -- Found tf2_ros: 0.25.6 (/opt/ros/humble/share/tf2_ros/cmake)
[2.107s] -- Found OpenCV: /usr (found version "4.5.4") 
[2.119s] -- Found ament_lint_auto: 0.12.11 (/opt/ros/humble/share/ament_lint_auto/cmake)
[2.205s] -- Added test 'cppcheck' to perform static code analysis on C / C++ code
[2.205s] -- Configured cppcheck include dirs: /home/12_fri/bwi_ros2/src/fri_autonomous_template/follower_robot/include
[2.205s] -- Configured cppcheck exclude dirs and/or files: 
[2.207s] -- Added test 'lint_cmake' to check CMake code style
[2.211s] -- Added test 'uncrustify' to check C / C++ code style
[2.211s] -- Configured uncrustify additional arguments: 
[2.212s] -- Added test 'xmllint' to check XML markup files
[2.213s] -- Configuring done
[2.228s] -- Generating done
[2.230s] -- Build files have been written to: /home/12_fri/bwi_ros2/src/fri_autonomous_template/follower_robot/build/follower_robot
[2.241s] Invoked command in '/home/12_fri/bwi_ros2/src/fri_autonomous_template/follower_robot/build/follower_robot' returned '0': CMAKE_PREFIX_PATH=${CMAKE_PREFIX_PATH}:/home/12_fri/bwi_ros2/install/scan_filter:/opt/ros/humble /usr/bin/cmake /home/12_fri/bwi_ros2/src/fri_autonomous_template/follower_robot -DCMAKE_INSTALL_PREFIX=/home/12_fri/bwi_ros2/src/fri_autonomous_template/follower_robot/install/follower_robot
[2.243s] Invoking command in '/home/12_fri/bwi_ros2/src/fri_autonomous_template/follower_robot/build/follower_robot': CMAKE_PREFIX_PATH=${CMAKE_PREFIX_PATH}:/home/12_fri/bwi_ros2/install/scan_filter:/opt/ros/humble /usr/bin/cmake --build /home/12_fri/bwi_ros2/src/fri_autonomous_template/follower_robot/build/follower_robot -- -j12 -l12
[2.288s] [ 50%] [32mBuilding CXX object CMakeFiles/follower_robot.dir/src/MoveToTarget.cpp.o[0m
[2.288s] [ 50%] [32mBuilding CXX object CMakeFiles/follower_robot.dir/src/follower_robot.cpp.o[0m
[2.288s] [ 75%] [32mBuilding CXX object CMakeFiles/follower_robot.dir/src/FollowerRobotNode.cpp.o[0m
[4.563s] [01m[K/home/12_fri/bwi_ros2/src/fri_autonomous_template/follower_robot/src/MoveToTarget.cpp:[m[K In member function ‘[01m[Kvoid MoveToTarget::result_callback(const rclcpp_action::ClientGoalHandle<nav2_msgs::action::NavigateToPose>::WrappedResult&)[m[K’:
[4.564s] [01m[K/home/12_fri/bwi_ros2/src/fri_autonomous_template/follower_robot/src/MoveToTarget.cpp:40:94:[m[K [01;35m[Kwarning: [m[Kunused parameter ‘[01m[Kresult[m[K’ [[01;35m[K]8;;https://gcc.gnu.org/onlinedocs/gcc/Warning-Options.html#index-Wunused-parameter-Wunused-parameter]8;;[m[K]
[4.564s]    40 |     [01;35m[Kconst rclcpp_action::ClientGoalHandle<nav2_msgs::action::NavigateToPose>::WrappedResult &result[m[K) {
[4.564s]       |     [01;35m[K~~~~~~~~~~~~~~~~~~~~~~~~~~~~~~~~~~~~~~~~~~~~~~~~~~~~~~~~~~~~~~~~~~~~~~~~~~~~~~~~~~~~~~~~~^~~~~~[m[K
[13.046s] [100%] [32m[1mLinking CXX executable follower_robot[0m
[13.676s] [100%] Built target follower_robot
[13.685s] Invoked command in '/home/12_fri/bwi_ros2/src/fri_autonomous_template/follower_robot/build/follower_robot' returned '0': CMAKE_PREFIX_PATH=${CMAKE_PREFIX_PATH}:/home/12_fri/bwi_ros2/install/scan_filter:/opt/ros/humble /usr/bin/cmake --build /home/12_fri/bwi_ros2/src/fri_autonomous_template/follower_robot/build/follower_robot -- -j12 -l12
[13.720s] Invoking command in '/home/12_fri/bwi_ros2/src/fri_autonomous_template/follower_robot/build/follower_robot': CMAKE_PREFIX_PATH=${CMAKE_PREFIX_PATH}:/home/12_fri/bwi_ros2/install/scan_filter:/opt/ros/humble /usr/bin/cmake --install /home/12_fri/bwi_ros2/src/fri_autonomous_template/follower_robot/build/follower_robot
[13.726s] -- Install configuration: ""
[13.726s] -- Installing: /home/12_fri/bwi_ros2/src/fri_autonomous_template/follower_robot/install/follower_robot/lib/follower_robot/follower_robot
[13.729s] -- Set runtime path of "/home/12_fri/bwi_ros2/src/fri_autonomous_template/follower_robot/install/follower_robot/lib/follower_robot/follower_robot" to ""
[13.729s] -- Installing: /home/12_fri/bwi_ros2/src/fri_autonomous_template/follower_robot/install/follower_robot/share/ament_index/resource_index/package_run_dependencies/follower_robot
[13.729s] -- Installing: /home/12_fri/bwi_ros2/src/fri_autonomous_template/follower_robot/install/follower_robot/share/ament_index/resource_index/parent_prefix_path/follower_robot
[13.729s] -- Installing: /home/12_fri/bwi_ros2/src/fri_autonomous_template/follower_robot/install/follower_robot/share/follower_robot/environment/ament_prefix_path.sh
[13.729s] -- Installing: /home/12_fri/bwi_ros2/src/fri_autonomous_template/follower_robot/install/follower_robot/share/follower_robot/environment/ament_prefix_path.dsv
[13.729s] -- Installing: /home/12_fri/bwi_ros2/src/fri_autonomous_template/follower_robot/install/follower_robot/share/follower_robot/environment/path.sh
[13.730s] -- Installing: /home/12_fri/bwi_ros2/src/fri_autonomous_template/follower_robot/install/follower_robot/share/follower_robot/environment/path.dsv
[13.730s] -- Installing: /home/12_fri/bwi_ros2/src/fri_autonomous_template/follower_robot/install/follower_robot/share/follower_robot/local_setup.bash
[13.730s] -- Installing: /home/12_fri/bwi_ros2/src/fri_autonomous_template/follower_robot/install/follower_robot/share/follower_robot/local_setup.sh
[13.730s] -- Installing: /home/12_fri/bwi_ros2/src/fri_autonomous_template/follower_robot/install/follower_robot/share/follower_robot/local_setup.zsh
[13.730s] -- Installing: /home/12_fri/bwi_ros2/src/fri_autonomous_template/follower_robot/install/follower_robot/share/follower_robot/local_setup.dsv
[13.730s] -- Installing: /home/12_fri/bwi_ros2/src/fri_autonomous_template/follower_robot/install/follower_robot/share/follower_robot/package.dsv
[13.730s] -- Installing: /home/12_fri/bwi_ros2/src/fri_autonomous_template/follower_robot/install/follower_robot/share/ament_index/resource_index/packages/follower_robot
[13.730s] -- Installing: /home/12_fri/bwi_ros2/src/fri_autonomous_template/follower_robot/install/follower_robot/share/follower_robot/cmake/follower_robotConfig.cmake
[13.730s] -- Installing: /home/12_fri/bwi_ros2/src/fri_autonomous_template/follower_robot/install/follower_robot/share/follower_robot/cmake/follower_robotConfig-version.cmake
[13.731s] -- Installing: /home/12_fri/bwi_ros2/src/fri_autonomous_template/follower_robot/install/follower_robot/share/follower_robot/package.xml
[13.732s] Invoked command in '/home/12_fri/bwi_ros2/src/fri_autonomous_template/follower_robot/build/follower_robot' returned '0': CMAKE_PREFIX_PATH=${CMAKE_PREFIX_PATH}:/home/12_fri/bwi_ros2/install/scan_filter:/opt/ros/humble /usr/bin/cmake --install /home/12_fri/bwi_ros2/src/fri_autonomous_template/follower_robot/build/follower_robot
