[0.099s] DEBUG:colcon:Command line arguments: ['/usr/bin/colcon', 'build']
[0.099s] DEBUG:colcon:Parsed command line arguments: Namespace(log_base=None, log_level=None, verb_name='build', build_base='build', install_base='install', merge_install=False, symlink_install=False, test_result_base=None, continue_on_error=False, executor='parallel', parallel_workers=12, event_handlers=None, ignore_user_meta=False, metas=['./colcon.meta'], base_paths=['.'], packages_ignore=None, packages_ignore_regex=None, paths=None, packages_up_to=None, packages_up_to_regex=None, packages_above=None, packages_above_and_dependencies=None, packages_above_depth=None, packages_select_by_dep=None, packages_skip_by_dep=None, packages_skip_up_to=None, packages_select_build_failed=False, packages_skip_build_finished=False, packages_select_test_failures=False, packages_skip_test_passed=False, packages_select=None, packages_skip=None, packages_select_regex=None, packages_skip_regex=None, packages_start=None, packages_end=None, allow_overriding=[], cmake_args=None, cmake_target=None, cmake_target_skip_unavailable=False, cmake_clean_cache=False, cmake_clean_first=False, cmake_force_configure=False, ament_cmake_args=None, catkin_cmake_args=None, catkin_skip_building_tests=False, mixin_files=None, mixin=None, verb_parser=<colcon_mixin.mixin.mixin_argument.MixinArgumentDecorator object at 0x7d0933b1ac50>, verb_extension=<colcon_core.verb.build.BuildVerb object at 0x7d0933b1a290>, main=<bound method BuildVerb.main of <colcon_core.verb.build.BuildVerb object at 0x7d0933b1a290>>, mixin_verb=('build',))
[0.275s] Level 1:colcon.colcon_core.package_discovery:discover_packages(colcon_meta) check parameters
[0.275s] Level 1:colcon.colcon_core.package_discovery:discover_packages(recursive) check parameters
[0.275s] Level 1:colcon.colcon_core.package_discovery:discover_packages(ignore) check parameters
[0.275s] Level 1:colcon.colcon_core.package_discovery:discover_packages(path) check parameters
[0.275s] Level 1:colcon.colcon_core.package_discovery:discover_packages(colcon_meta) discover
[0.275s] Level 1:colcon.colcon_core.package_discovery:discover_packages(recursive) discover
[0.275s] INFO:colcon.colcon_core.package_discovery:Crawling recursively for packages in '/home/12_fri/bwi_ros2/src/fri_autonomous_template/follower_robot'
[0.275s] Level 1:colcon.colcon_core.package_identification:_identify(.) by extensions ['ignore', 'ignore_ament_install']
[0.275s] Level 1:colcon.colcon_core.package_identification:_identify(.) by extension 'ignore'
[0.275s] Level 1:colcon.colcon_core.package_identification:_identify(.) by extension 'ignore_ament_install'
[0.275s] Level 1:colcon.colcon_core.package_identification:_identify(.) by extensions ['colcon_pkg']
[0.275s] Level 1:colcon.colcon_core.package_identification:_identify(.) by extension 'colcon_pkg'
[0.275s] Level 1:colcon.colcon_core.package_identification:_identify(.) by extensions ['colcon_meta']
[0.275s] Level 1:colcon.colcon_core.package_identification:_identify(.) by extension 'colcon_meta'
[0.275s] Level 1:colcon.colcon_core.package_identification:_identify(.) by extensions ['ros']
[0.275s] Level 1:colcon.colcon_core.package_identification:_identify(.) by extension 'ros'
[0.287s] DEBUG:colcon.colcon_core.package_identification:Package '.' with type 'ros.ament_cmake' and name 'follower_robot'
[0.287s] Level 1:colcon.colcon_core.package_discovery:discover_packages(recursive) using defaults
[0.287s] Level 1:colcon.colcon_core.package_discovery:discover_packages(ignore) discover
[0.287s] Level 1:colcon.colcon_core.package_discovery:discover_packages(ignore) using defaults
[0.287s] Level 1:colcon.colcon_core.package_discovery:discover_packages(path) discover
[0.287s] Level 1:colcon.colcon_core.package_discovery:discover_packages(path) using defaults
[0.312s] Level 1:colcon.colcon_core.package_discovery:discover_packages(prefix_path) check parameters
[0.312s] Level 1:colcon.colcon_core.package_discovery:discover_packages(prefix_path) discover
[0.315s] DEBUG:colcon.colcon_installed_package_information.package_discovery:Found 23 installed packages in /home/12_fri/bwi_ros2/install
[0.316s] DEBUG:colcon.colcon_installed_package_information.package_discovery:Found 418 installed packages in /opt/ros/humble
[0.319s] Level 1:colcon.colcon_core.package_discovery:discover_packages(prefix_path) using defaults
[0.372s] Level 5:colcon.colcon_core.verb:set package 'follower_robot' build argument 'cmake_args' from command line to 'None'
[0.372s] Level 5:colcon.colcon_core.verb:set package 'follower_robot' build argument 'cmake_target' from command line to 'None'
[0.372s] Level 5:colcon.colcon_core.verb:set package 'follower_robot' build argument 'cmake_target_skip_unavailable' from command line to 'False'
[0.372s] Level 5:colcon.colcon_core.verb:set package 'follower_robot' build argument 'cmake_clean_cache' from command line to 'False'
[0.372s] Level 5:colcon.colcon_core.verb:set package 'follower_robot' build argument 'cmake_clean_first' from command line to 'False'
[0.372s] Level 5:colcon.colcon_core.verb:set package 'follower_robot' build argument 'cmake_force_configure' from command line to 'False'
[0.372s] Level 5:colcon.colcon_core.verb:set package 'follower_robot' build argument 'ament_cmake_args' from command line to 'None'
[0.372s] Level 5:colcon.colcon_core.verb:set package 'follower_robot' build argument 'catkin_cmake_args' from command line to 'None'
[0.372s] Level 5:colcon.colcon_core.verb:set package 'follower_robot' build argument 'catkin_skip_building_tests' from command line to 'False'
[0.372s] DEBUG:colcon.colcon_core.verb:Building package 'follower_robot' with the following arguments: {'ament_cmake_args': None, 'build_base': '/home/12_fri/bwi_ros2/src/fri_autonomous_template/follower_robot/build/follower_robot', 'catkin_cmake_args': None, 'catkin_skip_building_tests': False, 'cmake_args': None, 'cmake_clean_cache': False, 'cmake_clean_first': False, 'cmake_force_configure': False, 'cmake_target': None, 'cmake_target_skip_unavailable': False, 'install_base': '/home/12_fri/bwi_ros2/src/fri_autonomous_template/follower_robot/install/follower_robot', 'merge_install': False, 'path': '/home/12_fri/bwi_ros2/src/fri_autonomous_template/follower_robot', 'symlink_install': False, 'test_result_base': None}
[0.373s] INFO:colcon.colcon_core.executor:Executing jobs using 'parallel' executor
[0.374s] DEBUG:colcon.colcon_parallel_executor.executor.parallel:run_until_complete
[0.374s] INFO:colcon.colcon_ros.task.ament_cmake.build:Building ROS package in '/home/12_fri/bwi_ros2/src/fri_autonomous_template/follower_robot' with build type 'ament_cmake'
[0.375s] INFO:colcon.colcon_cmake.task.cmake.build:Building CMake package in '/home/12_fri/bwi_ros2/src/fri_autonomous_template/follower_robot'
[0.376s] INFO:colcon.colcon_core.plugin_system:Skipping extension 'colcon_core.shell.bat': Not used on non-Windows systems
[0.376s] INFO:colcon.colcon_core.shell:Skip shell extension 'powershell' for command environment: Not usable outside of PowerShell
[0.376s] DEBUG:colcon.colcon_core.shell:Skip shell extension 'dsv' for command environment
[0.385s] DEBUG:colcon.colcon_core.event_handler.log_command:Invoking command in '/home/12_fri/bwi_ros2/src/fri_autonomous_template/follower_robot/build/follower_robot': CMAKE_PREFIX_PATH=${CMAKE_PREFIX_PATH}:/home/12_fri/bwi_ros2/install/scan_filter:/opt/ros/humble /usr/bin/cmake --build /home/12_fri/bwi_ros2/src/fri_autonomous_template/follower_robot/build/follower_robot -- -j12 -l12
[3.180s] DEBUG:colcon.colcon_core.event_handler.log_command:Invoked command in '/home/12_fri/bwi_ros2/src/fri_autonomous_template/follower_robot/build/follower_robot' returned '2': CMAKE_PREFIX_PATH=${CMAKE_PREFIX_PATH}:/home/12_fri/bwi_ros2/install/scan_filter:/opt/ros/humble /usr/bin/cmake --build /home/12_fri/bwi_ros2/src/fri_autonomous_template/follower_robot/build/follower_robot -- -j12 -l12
[3.204s] Level 1:colcon.colcon_core.environment:create_environment_scripts_only(follower_robot)
[3.206s] Level 1:colcon.colcon_core.environment:checking '/home/12_fri/bwi_ros2/src/fri_autonomous_template/follower_robot/install/follower_robot' for CMake module files
[3.206s] Level 1:colcon.colcon_core.environment:checking '/home/12_fri/bwi_ros2/src/fri_autonomous_template/follower_robot/install/follower_robot' for CMake config files
[3.206s] Level 1:colcon.colcon_core.shell:create_environment_hook('follower_robot', 'cmake_prefix_path')
[3.207s] INFO:colcon.colcon_core.shell:Creating environment hook '/home/12_fri/bwi_ros2/src/fri_autonomous_template/follower_robot/install/follower_robot/share/follower_robot/hook/cmake_prefix_path.ps1'
[3.208s] INFO:colcon.colcon_core.shell:Creating environment descriptor '/home/12_fri/bwi_ros2/src/fri_autonomous_template/follower_robot/install/follower_robot/share/follower_robot/hook/cmake_prefix_path.dsv'
[3.208s] INFO:colcon.colcon_core.shell:Creating environment hook '/home/12_fri/bwi_ros2/src/fri_autonomous_template/follower_robot/install/follower_robot/share/follower_robot/hook/cmake_prefix_path.sh'
[3.209s] Level 1:colcon.colcon_core.environment:checking '/home/12_fri/bwi_ros2/src/fri_autonomous_template/follower_robot/install/follower_robot/lib'
[3.209s] Level 1:colcon.colcon_core.environment:checking '/home/12_fri/bwi_ros2/src/fri_autonomous_template/follower_robot/install/follower_robot/bin'
[3.209s] Level 1:colcon.colcon_core.environment:checking '/home/12_fri/bwi_ros2/src/fri_autonomous_template/follower_robot/install/follower_robot/lib/pkgconfig/follower_robot.pc'
[3.209s] Level 1:colcon.colcon_core.environment:checking '/home/12_fri/bwi_ros2/src/fri_autonomous_template/follower_robot/install/follower_robot/lib/python3.10/site-packages'
[3.210s] Level 1:colcon.colcon_core.environment:checking '/home/12_fri/bwi_ros2/src/fri_autonomous_template/follower_robot/install/follower_robot/bin'
[3.210s] INFO:colcon.colcon_core.shell:Creating package script '/home/12_fri/bwi_ros2/src/fri_autonomous_template/follower_robot/install/follower_robot/share/follower_robot/package.ps1'
[3.211s] INFO:colcon.colcon_core.shell:Creating package descriptor '/home/12_fri/bwi_ros2/src/fri_autonomous_template/follower_robot/install/follower_robot/share/follower_robot/package.dsv'
[3.211s] INFO:colcon.colcon_core.shell:Creating package script '/home/12_fri/bwi_ros2/src/fri_autonomous_template/follower_robot/install/follower_robot/share/follower_robot/package.sh'
[3.212s] INFO:colcon.colcon_core.shell:Creating package script '/home/12_fri/bwi_ros2/src/fri_autonomous_template/follower_robot/install/follower_robot/share/follower_robot/package.bash'
[3.213s] INFO:colcon.colcon_core.shell:Creating package script '/home/12_fri/bwi_ros2/src/fri_autonomous_template/follower_robot/install/follower_robot/share/follower_robot/package.zsh'
[3.213s] Level 1:colcon.colcon_core.environment:create_file_with_runtime_dependencies(/home/12_fri/bwi_ros2/src/fri_autonomous_template/follower_robot/install/follower_robot/share/colcon-core/packages/follower_robot)
[3.223s] DEBUG:colcon.colcon_parallel_executor.executor.parallel:closing loop
[3.224s] DEBUG:colcon.colcon_parallel_executor.executor.parallel:loop closed
[3.224s] DEBUG:colcon.colcon_parallel_executor.executor.parallel:run_until_complete finished with '2'
[3.224s] DEBUG:colcon.colcon_core.event_reactor:joining thread
[3.228s] INFO:colcon.colcon_core.plugin_system:Skipping extension 'colcon_notification.desktop_notification.terminal_notifier': Not used on non-Darwin systems
[3.228s] INFO:colcon.colcon_core.plugin_system:Skipping extension 'colcon_notification.desktop_notification.win32': Not used on non-Windows systems
[3.228s] INFO:colcon.colcon_notification.desktop_notification:Sending desktop notification using 'notify2'
[3.237s] DEBUG:colcon.colcon_core.event_reactor:joined thread
[3.237s] INFO:colcon.colcon_core.shell:Creating prefix script '/home/12_fri/bwi_ros2/src/fri_autonomous_template/follower_robot/install/local_setup.ps1'
[3.238s] INFO:colcon.colcon_core.shell:Creating prefix util module '/home/12_fri/bwi_ros2/src/fri_autonomous_template/follower_robot/install/_local_setup_util_ps1.py'
[3.240s] INFO:colcon.colcon_core.shell:Creating prefix chain script '/home/12_fri/bwi_ros2/src/fri_autonomous_template/follower_robot/install/setup.ps1'
[3.243s] INFO:colcon.colcon_core.shell:Creating prefix script '/home/12_fri/bwi_ros2/src/fri_autonomous_template/follower_robot/install/local_setup.sh'
[3.244s] INFO:colcon.colcon_core.shell:Creating prefix util module '/home/12_fri/bwi_ros2/src/fri_autonomous_template/follower_robot/install/_local_setup_util_sh.py'
[3.244s] INFO:colcon.colcon_core.shell:Creating prefix chain script '/home/12_fri/bwi_ros2/src/fri_autonomous_template/follower_robot/install/setup.sh'
[3.246s] INFO:colcon.colcon_core.shell:Creating prefix script '/home/12_fri/bwi_ros2/src/fri_autonomous_template/follower_robot/install/local_setup.bash'
[3.246s] INFO:colcon.colcon_core.shell:Creating prefix chain script '/home/12_fri/bwi_ros2/src/fri_autonomous_template/follower_robot/install/setup.bash'
[3.248s] INFO:colcon.colcon_core.shell:Creating prefix script '/home/12_fri/bwi_ros2/src/fri_autonomous_template/follower_robot/install/local_setup.zsh'
[3.248s] INFO:colcon.colcon_core.shell:Creating prefix chain script '/home/12_fri/bwi_ros2/src/fri_autonomous_template/follower_robot/install/setup.zsh'
